<html>
<head>
<title>TestNG:  Test</title>
<link href="../testng.css" rel="stylesheet" type="text/css" />
<link href="../my-testng.css" rel="stylesheet" type="text/css" />

<style type="text/css">
.log { display: none;} 
.stack-trace { display: none;} 
</style>
<script type="text/javascript">
<!--
function flip(e) {
  current = e.style.display;
  if (current == 'block') {
    e.style.display = 'none';
    return 0;
  }
  else {
    e.style.display = 'block';
    return 1;
  }
}

function toggleBox(szDivId, elem, msg1, msg2)
{
  var res = -1;  if (document.getElementById) {
    res = flip(document.getElementById(szDivId));
  }
  else if (document.all) {
    // this is the way old msie versions work
    res = flip(document.all[szDivId]);
  }
  if(elem) {
    if(res == 0) elem.innerHTML = msg1; else elem.innerHTML = msg2;
  }

}

function toggleAllBoxes() {
  if (document.getElementsByTagName) {
    d = document.getElementsByTagName('div');
    for (i = 0; i < d.length; i++) {
      if (d[i].className == 'log') {
        flip(d[i]);
      }
    }
  }
}

// -->
</script>

</head>
<body>
<h2 align='center'>Test</h2><table border='1' align="center">
<tr>
<td>Tests passed/Failed/Skipped:</td><td>11/1/0</td>
</tr><tr>
<td>Started on:</td><td>Fri Jun 25 09:32:11 IST 2021</td>
</tr>
<tr><td>Total time:</td><td>258 seconds (258912 ms)</td>
</tr><tr>
<td>Included groups:</td><td></td>
</tr><tr>
<td>Excluded groups:</td><td></td>
</tr>
</table><p/>
<small><i>(Hover the method name to see the test class name)</i></small><p/>
<table width='100%' border='1' class='invocation-failed'>
<tr><td colspan='4' align='center'><b>FAILED TESTS</b></td></tr>
<tr><td><b>Test method</b></td>
<td width="30%"><b>Exception</b></td>
<td width="10%"><b>Time (seconds)</b></td>
<td><b>Instance</b></td>
</tr>
<tr>
<td title='com.mavendemo.test.HomePageAndProductSelectPageTest.ProductPageProductTest()'><b>ProductPageProductTest</b><br>Test class: com.mavendemo.test.HomePageAndProductSelectPageTest</td>
<td><div><pre>java.lang.AssertionError: expected [true] but found [false]
	at com.mavendemo.test.HomePageAndProductSelectPageTest.ProductPageProductTest(HomePageAndProductSelectPageTest.java:98)
	at java.util.concurrent.FutureTask.run(FutureTask.java:266)
	at java.util.concurrent.ThreadPoolExecutor.runWorker(ThreadPoolExecutor.java:1149)
	at java.util.concurrent.ThreadPoolExecutor$Worker.run(ThreadPoolExecutor.java:624)
	at java.lang.Thread.run(Thread.java:748)
... Removed 20 stack frames</pre></div><a href='#' onClick='toggleBox("stack-trace1935841066", this, "Click to show all stack frames", "Click to hide stack frames")'>Click to show all stack frames</a>
<div class='stack-trace' id='stack-trace1935841066'><pre>java.lang.AssertionError: expected [true] but found [false]
	at org.testng.Assert.fail(Assert.java:96)
	at org.testng.Assert.failNotEquals(Assert.java:776)
	at org.testng.Assert.assertTrue(Assert.java:44)
	at org.testng.Assert.assertTrue(Assert.java:54)
	at com.mavendemo.test.HomePageAndProductSelectPageTest.ProductPageProductTest(HomePageAndProductSelectPageTest.java:98)
	at sun.reflect.NativeMethodAccessorImpl.invoke0(Native Method)
	at sun.reflect.NativeMethodAccessorImpl.invoke(NativeMethodAccessorImpl.java:62)
	at sun.reflect.DelegatingMethodAccessorImpl.invoke(DelegatingMethodAccessorImpl.java:43)
	at java.lang.reflect.Method.invoke(Method.java:498)
	at org.testng.internal.MethodInvocationHelper.invokeMethod(MethodInvocationHelper.java:124)
	at org.testng.internal.Invoker.invokeMethod(Invoker.java:583)
	at org.testng.internal.Invoker.invokeTestMethod(Invoker.java:719)
	at org.testng.internal.Invoker.invokeTestMethods(Invoker.java:989)
	at org.testng.internal.TestMethodWorker.invokeTestMethods(TestMethodWorker.java:125)
	at org.testng.internal.TestMethodWorker.run(TestMethodWorker.java:109)
	at org.testng.TestRunner.privateRun(TestRunner.java:648)
	at org.testng.TestRunner.run(TestRunner.java:505)
	at org.testng.SuiteRunner.runTest(SuiteRunner.java:455)
	at org.testng.SuiteRunner.access$000(SuiteRunner.java:40)
	at org.testng.SuiteRunner$SuiteWorker.run(SuiteRunner.java:489)
	at org.testng.internal.thread.ThreadUtil$1.call(ThreadUtil.java:52)
	at java.util.concurrent.FutureTask.run(FutureTask.java:266)
	at java.util.concurrent.ThreadPoolExecutor.runWorker(ThreadPoolExecutor.java:1149)
	at java.util.concurrent.ThreadPoolExecutor$Worker.run(ThreadPoolExecutor.java:624)
	at java.lang.Thread.run(Thread.java:748)
</pre></div></td>
<td>3</td>
<td>com.mavendemo.test.HomePageAndProductSelectPageTest@69a10787</td></tr>
</table><p>
<table width='100%' border='1' class='invocation-passed'>
<tr><td colspan='4' align='center'><b>PASSED TESTS</b></td></tr>
<tr><td><b>Test method</b></td>
<td width="30%"><b>Exception</b></td>
<td width="10%"><b>Time (seconds)</b></td>
<td><b>Instance</b></td>
</tr>
<tr>
<td title='com.mavendemo.test.BuyPageTest.buyPageBuyButtonClick()'><b>buyPageBuyButtonClick</b><br>Test class: com.mavendemo.test.BuyPageTest</td>
<td></td>
<td>4</td>
<td>com.mavendemo.test.BuyPageTest@290dbf45</td></tr>
<tr>
<td title='com.mavendemo.test.BuyPageTest.buyPageTitleTest()'><b>buyPageTitleTest</b><br>Test class: com.mavendemo.test.BuyPageTest</td>
<td></td>
<td>2</td>
<td>com.mavendemo.test.BuyPageTest@290dbf45</td></tr>
<tr>
<td title='com.mavendemo.test.CartPageTest.cartPagePriceTest()'><b>cartPagePriceTest</b><br>Test class: com.mavendemo.test.CartPageTest</td>
<td></td>
<td>1</td>
<td>com.mavendemo.test.CartPageTest@17776a8</td></tr>
<tr>
<td title='com.mavendemo.test.PaymentPageTest.creditCardPaymentTest()'><b>creditCardPaymentTest</b><br>Test class: com.mavendemo.test.PaymentPageTest</td>
<td></td>
<td>4</td>
<td>com.mavendemo.test.PaymentPageTest@12028586</td></tr>
<tr>
<td title='com.mavendemo.test.HomePageAndProductSelectPageTest.homePageTitleTest()'><b>homePageTitleTest</b><br>Test class: com.mavendemo.test.HomePageAndProductSelectPageTest</td>
<td></td>
<td>0</td>
<td>com.mavendemo.test.HomePageAndProductSelectPageTest@69a10787</td></tr>
<tr>
<td title='com.mavendemo.test.HomePageAndProductSelectPageTest.homePageUserTest()'><b>homePageUserTest</b><br>Test class: com.mavendemo.test.HomePageAndProductSelectPageTest</td>
<td></td>
<td>0</td>
<td>com.mavendemo.test.HomePageAndProductSelectPageTest@69a10787</td></tr>
<tr>
<td title='com.mavendemo.test.HomePageAndProductSelectPageTest.homeTest()'><b>homeTest</b><br>Test class: com.mavendemo.test.HomePageAndProductSelectPageTest</td>
<td></td>
<td>5</td>
<td>com.mavendemo.test.HomePageAndProductSelectPageTest@69a10787</td></tr>
<tr>
<td title='com.mavendemo.test.LoginPageTest.loginPageTitleTest()'><b>loginPageTitleTest</b><br>Test class: com.mavendemo.test.LoginPageTest</td>
<td></td>
<td>0</td>
<td>com.mavendemo.test.LoginPageTest@2d127a61</td></tr>
<tr>
<td title='com.mavendemo.test.LoginPageTest.loginTest()'><b>loginTest</b><br>Test class: com.mavendemo.test.LoginPageTest</td>
<td></td>
<td>1</td>
<td>com.mavendemo.test.LoginPageTest@2d127a61</td></tr>
<tr>
<td title='com.mavendemo.test.PaymentPageTest.paymentPageTitleTest()'><b>paymentPageTitleTest</b><br>Test class: com.mavendemo.test.PaymentPageTest</td>
<td></td>
<td>1</td>
<td>com.mavendemo.test.PaymentPageTest@12028586</td></tr>
<tr>
<td title='com.mavendemo.test.CartPageTest.placeOrderButtonClick()'><b>placeOrderButtonClick</b><br>Test class: com.mavendemo.test.CartPageTest</td>
<td></td>
<td>3</td>
<td>com.mavendemo.test.CartPageTest@17776a8</td></tr>
</table><p>
</body>
</html>