<html>
<head>
<title>TestNG:  Command line test</title>
<link href="../testng.css" rel="stylesheet" type="text/css" />
<link href="../my-testng.css" rel="stylesheet" type="text/css" />

<style type="text/css">
.log { display: none;} 
.stack-trace { display: none;} 
</style>
<script type="text/javascript">
<!--
function flip(e) {
  current = e.style.display;
  if (current == 'block') {
    e.style.display = 'none';
    return 0;
  }
  else {
    e.style.display = 'block';
    return 1;
  }
}

function toggleBox(szDivId, elem, msg1, msg2)
{
  var res = -1;  if (document.getElementById) {
    res = flip(document.getElementById(szDivId));
  }
  else if (document.all) {
    // this is the way old msie versions work
    res = flip(document.all[szDivId]);
  }
  if(elem) {
    if(res == 0) elem.innerHTML = msg1; else elem.innerHTML = msg2;
  }

}

function toggleAllBoxes() {
  if (document.getElementsByTagName) {
    d = document.getElementsByTagName('div');
    for (i = 0; i < d.length; i++) {
      if (d[i].className == 'log') {
        flip(d[i]);
      }
    }
  }
}

// -->
</script>

</head>
<body>
<h2 align='center'>Command line test</h2><table border='1' align="center">
<tr>
<td>Tests passed/Failed/Skipped:</td><td>7/1/0</td>
</tr><tr>
<td>Started on:</td><td>Wed Jun 16 15:54:01 IST 2021</td>
</tr>
<tr><td>Total time:</td><td>168 seconds (168765 ms)</td>
</tr><tr>
<td>Included groups:</td><td></td>
</tr><tr>
<td>Excluded groups:</td><td></td>
</tr>
</table><p/>
<small><i>(Hover the method name to see the test class name)</i></small><p/>
<table width='100%' border='1' class='invocation-failed'>
<tr><td colspan='4' align='center'><b>FAILED TESTS</b></td></tr>
<tr><td><b>Test method</b></td>
<td width="30%"><b>Exception</b></td>
<td width="10%"><b>Time (seconds)</b></td>
<td><b>Instance</b></td>
</tr>
<tr>
<td title='com.mavendemo.test.ProductPageTest.ProductPageTitleTest()'><b>ProductPageTitleTest</b><br>Test class: com.mavendemo.test.ProductPageTest</td>
<td><div><pre>java.lang.AssertionError: Product Page Title is not Matched expected [Iphone- Buy Products Online at Best Price in India - All Categories | Flipkart.com] but found [Online Shopping Site for Mobiles, Electronics, Furniture, Grocery, Lifestyle, Books &amp; More. Best Offers!]
	at com.mavendemo.test.ProductPageTest.ProductPageTitleTest(ProductPageTest.java:42)
... Removed 40 stack frames</pre></div><a href='#' onClick='toggleBox("stack-trace116289363", this, "Click to show all stack frames", "Click to hide stack frames")'>Click to show all stack frames</a>
<div class='stack-trace' id='stack-trace116289363'><pre>java.lang.AssertionError: Product Page Title is not Matched expected [Iphone- Buy Products Online at Best Price in India - All Categories | Flipkart.com] but found [Online Shopping Site for Mobiles, Electronics, Furniture, Grocery, Lifestyle, Books &amp; More. Best Offers!]
	at org.testng.Assert.fail(Assert.java:96)
	at org.testng.Assert.failNotEquals(Assert.java:776)
	at org.testng.Assert.assertEqualsImpl(Assert.java:137)
	at org.testng.Assert.assertEquals(Assert.java:118)
	at org.testng.Assert.assertEquals(Assert.java:453)
	at com.mavendemo.test.ProductPageTest.ProductPageTitleTest(ProductPageTest.java:42)
	at sun.reflect.NativeMethodAccessorImpl.invoke0(Native Method)
	at sun.reflect.NativeMethodAccessorImpl.invoke(NativeMethodAccessorImpl.java:62)
	at sun.reflect.DelegatingMethodAccessorImpl.invoke(DelegatingMethodAccessorImpl.java:43)
	at java.lang.reflect.Method.invoke(Method.java:498)
	at org.testng.internal.MethodInvocationHelper.invokeMethod(MethodInvocationHelper.java:124)
	at org.testng.internal.Invoker.invokeMethod(Invoker.java:583)
	at org.testng.internal.Invoker.invokeTestMethod(Invoker.java:719)
	at org.testng.internal.Invoker.invokeTestMethods(Invoker.java:989)
	at org.testng.internal.TestMethodWorker.invokeTestMethods(TestMethodWorker.java:125)
	at org.testng.internal.TestMethodWorker.run(TestMethodWorker.java:109)
	at org.testng.TestRunner.privateRun(TestRunner.java:648)
	at org.testng.TestRunner.run(TestRunner.java:505)
	at org.testng.SuiteRunner.runTest(SuiteRunner.java:455)
	at org.testng.SuiteRunner.runSequentially(SuiteRunner.java:450)
	at org.testng.SuiteRunner.privateRun(SuiteRunner.java:415)
	at org.testng.SuiteRunner.run(SuiteRunner.java:364)
	at org.testng.SuiteRunnerWorker.runSuite(SuiteRunnerWorker.java:52)
	at org.testng.SuiteRunnerWorker.run(SuiteRunnerWorker.java:84)
	at org.testng.TestNG.runSuitesSequentially(TestNG.java:1208)
	at org.testng.TestNG.runSuitesLocally(TestNG.java:1137)
	at org.testng.TestNG.runSuites(TestNG.java:1049)
	at org.testng.TestNG.run(TestNG.java:1017)
	at org.apache.maven.surefire.testng.TestNGExecutor.run(TestNGExecutor.java:77)
	at org.apache.maven.surefire.testng.TestNGDirectoryTestSuite.executeMulti(TestNGDirectoryTestSuite.java:159)
	at org.apache.maven.surefire.testng.TestNGDirectoryTestSuite.execute(TestNGDirectoryTestSuite.java:99)
	at org.apache.maven.surefire.testng.TestNGProvider.invoke(TestNGProvider.java:106)
	at sun.reflect.NativeMethodAccessorImpl.invoke0(Native Method)
	at sun.reflect.NativeMethodAccessorImpl.invoke(NativeMethodAccessorImpl.java:62)
	at sun.reflect.DelegatingMethodAccessorImpl.invoke(DelegatingMethodAccessorImpl.java:43)
	at java.lang.reflect.Method.invoke(Method.java:498)
	at org.apache.maven.surefire.util.ReflectionUtils.invokeMethodWithArray(ReflectionUtils.java:189)
	at org.apache.maven.surefire.booter.ProviderFactory$ProviderProxy.invoke(ProviderFactory.java:165)
	at org.apache.maven.surefire.booter.ProviderFactory.invokeProvider(ProviderFactory.java:85)
	at org.apache.maven.surefire.booter.ForkedBooter.runSuitesInProcess(ForkedBooter.java:115)
	at org.apache.maven.surefire.booter.ForkedBooter.main(ForkedBooter.java:75)
</pre></div></td>
<td>1</td>
<td>com.mavendemo.test.ProductPageTest@3cda1055</td></tr>
</table><p>
<table width='100%' border='1' class='invocation-passed'>
<tr><td colspan='4' align='center'><b>PASSED TESTS</b></td></tr>
<tr><td><b>Test method</b></td>
<td width="30%"><b>Exception</b></td>
<td width="10%"><b>Time (seconds)</b></td>
<td><b>Instance</b></td>
</tr>
<tr>
<td title='com.mavendemo.test.ProductPageTest.ProductPageProductTest()'><b>ProductPageProductTest</b><br>Test class: com.mavendemo.test.ProductPageTest</td>
<td></td>
<td>1</td>
<td>com.mavendemo.test.ProductPageTest@3cda1055</td></tr>
<tr>
<td title='com.mavendemo.test.ProductPageTest.Producttest()'><b>Producttest</b><br>Test class: com.mavendemo.test.ProductPageTest</td>
<td></td>
<td>3</td>
<td>com.mavendemo.test.ProductPageTest@3cda1055</td></tr>
<tr>
<td title='com.mavendemo.test.HomePageTest.homePageTitleTest()'><b>homePageTitleTest</b><br>Test class: com.mavendemo.test.HomePageTest</td>
<td></td>
<td>0</td>
<td>com.mavendemo.test.HomePageTest@380fb434</td></tr>
<tr>
<td title='com.mavendemo.test.HomePageTest.homePageUserTest()'><b>homePageUserTest</b><br>Test class: com.mavendemo.test.HomePageTest</td>
<td></td>
<td>2</td>
<td>com.mavendemo.test.HomePageTest@380fb434</td></tr>
<tr>
<td title='com.mavendemo.test.HomePageTest.hometest()'><b>hometest</b><br>Test class: com.mavendemo.test.HomePageTest</td>
<td></td>
<td>2</td>
<td>com.mavendemo.test.HomePageTest@380fb434</td></tr>
<tr>
<td title='com.mavendemo.test.LoginPageTest.loginPageTitleTest()'><b>loginPageTitleTest</b><br>Test class: com.mavendemo.test.LoginPageTest</td>
<td></td>
<td>0</td>
<td>com.mavendemo.test.LoginPageTest@668bc3d5</td></tr>
<tr>
<td title='com.mavendemo.test.LoginPageTest.loginTest()'><b>loginTest</b><br>Test class: com.mavendemo.test.LoginPageTest</td>
<td></td>
<td>1</td>
<td>com.mavendemo.test.LoginPageTest@668bc3d5</td></tr>
</table><p>
</body>
</html>