<?xml version="1.0" encoding="UTF-8"?>
<testng-results skipped="0" failed="1" ignored="0" total="8" passed="7">
  <reporter-output>
  </reporter-output>
  <suite name="Command line suite" duration-ms="168765" started-at="2021-06-16T10:24:01Z" finished-at="2021-06-16T10:26:49Z">
    <groups>
    </groups>
    <test name="Command line test" duration-ms="168765" started-at="2021-06-16T10:24:01Z" finished-at="2021-06-16T10:26:49Z">
      <class name="com.mavendemo.test.LoginPageTest">
        <test-method status="PASS" signature="setUp()[pri:0, instance:com.mavendemo.test.LoginPageTest@668bc3d5]" name="setUp" is-config="true" duration-ms="24796" started-at="2021-06-16T10:24:26Z" finished-at="2021-06-16T10:24:50Z">
          <reporter-output>
          </reporter-output>
        </test-method> <!-- setUp -->
        <test-method status="PASS" signature="loginPageTitleTest()[pri:1, instance:com.mavendemo.test.LoginPageTest@668bc3d5]" name="loginPageTitleTest" duration-ms="10" started-at="2021-06-16T10:24:50Z" finished-at="2021-06-16T10:24:50Z">
          <reporter-output>
          </reporter-output>
        </test-method> <!-- loginPageTitleTest -->
        <test-method status="PASS" signature="teardown()[pri:0, instance:com.mavendemo.test.LoginPageTest@668bc3d5]" name="teardown" is-config="true" duration-ms="853" started-at="2021-06-16T10:24:50Z" finished-at="2021-06-16T10:24:51Z">
          <reporter-output>
          </reporter-output>
        </test-method> <!-- teardown -->
        <test-method status="PASS" signature="setUp()[pri:0, instance:com.mavendemo.test.LoginPageTest@668bc3d5]" name="setUp" is-config="true" duration-ms="12482" started-at="2021-06-16T10:25:21Z" finished-at="2021-06-16T10:25:34Z">
          <reporter-output>
          </reporter-output>
        </test-method> <!-- setUp -->
        <test-method status="PASS" signature="loginTest()[pri:2, instance:com.mavendemo.test.LoginPageTest@668bc3d5]" name="loginTest" duration-ms="1653" started-at="2021-06-16T10:25:34Z" finished-at="2021-06-16T10:25:36Z">
          <reporter-output>
          </reporter-output>
        </test-method> <!-- loginTest -->
        <test-method status="PASS" signature="teardown()[pri:0, instance:com.mavendemo.test.LoginPageTest@668bc3d5]" name="teardown" is-config="true" duration-ms="792" started-at="2021-06-16T10:25:36Z" finished-at="2021-06-16T10:25:36Z">
          <reporter-output>
          </reporter-output>
        </test-method> <!-- teardown -->
      </class> <!-- com.mavendemo.test.LoginPageTest -->
      <class name="com.mavendemo.test.ProductPageTest">
        <test-method status="PASS" signature="setup()[pri:0, instance:com.mavendemo.test.ProductPageTest@3cda1055]" name="setup" is-config="true" duration-ms="13731" started-at="2021-06-16T10:24:51Z" finished-at="2021-06-16T10:25:05Z">
          <reporter-output>
          </reporter-output>
        </test-method> <!-- setup -->
        <test-method status="FAIL" signature="ProductPageTitleTest()[pri:1, instance:com.mavendemo.test.ProductPageTest@3cda1055]" name="ProductPageTitleTest" duration-ms="1009" started-at="2021-06-16T10:25:05Z" finished-at="2021-06-16T10:25:06Z">
          <exception class="java.lang.AssertionError">
            <message>
              <![CDATA[Product Page Title is not Matched expected [Iphone- Buy Products Online at Best Price in India - All Categories | Flipkart.com] but found [Online Shopping Site for Mobiles, Electronics, Furniture, Grocery, Lifestyle, Books & More. Best Offers!]]]>
            </message>
            <full-stacktrace>
              <![CDATA[java.lang.AssertionError: Product Page Title is not Matched expected [Iphone- Buy Products Online at Best Price in India - All Categories | Flipkart.com] but found [Online Shopping Site for Mobiles, Electronics, Furniture, Grocery, Lifestyle, Books & More. Best Offers!]
at org.testng.Assert.fail(Assert.java:96)
at org.testng.Assert.failNotEquals(Assert.java:776)
at org.testng.Assert.assertEqualsImpl(Assert.java:137)
at org.testng.Assert.assertEquals(Assert.java:118)
at org.testng.Assert.assertEquals(Assert.java:453)
at com.mavendemo.test.ProductPageTest.ProductPageTitleTest(ProductPageTest.java:42)
at sun.reflect.NativeMethodAccessorImpl.invoke0(Native Method)
at sun.reflect.NativeMethodAccessorImpl.invoke(NativeMethodAccessorImpl.java:62)
at sun.reflect.DelegatingMethodAccessorImpl.invoke(DelegatingMethodAccessorImpl.java:43)
at java.lang.reflect.Method.invoke(Method.java:498)
at org.testng.internal.MethodInvocationHelper.invokeMethod(MethodInvocationHelper.java:124)
at org.testng.internal.Invoker.invokeMethod(Invoker.java:583)
at org.testng.internal.Invoker.invokeTestMethod(Invoker.java:719)
at org.testng.internal.Invoker.invokeTestMethods(Invoker.java:989)
at org.testng.internal.TestMethodWorker.invokeTestMethods(TestMethodWorker.java:125)
at org.testng.internal.TestMethodWorker.run(TestMethodWorker.java:109)
at org.testng.TestRunner.privateRun(TestRunner.java:648)
at org.testng.TestRunner.run(TestRunner.java:505)
at org.testng.SuiteRunner.runTest(SuiteRunner.java:455)
at org.testng.SuiteRunner.runSequentially(SuiteRunner.java:450)
at org.testng.SuiteRunner.privateRun(SuiteRunner.java:415)
at org.testng.SuiteRunner.run(SuiteRunner.java:364)
at org.testng.SuiteRunnerWorker.runSuite(SuiteRunnerWorker.java:52)
at org.testng.SuiteRunnerWorker.run(SuiteRunnerWorker.java:84)
at org.testng.TestNG.runSuitesSequentially(TestNG.java:1208)
at org.testng.TestNG.runSuitesLocally(TestNG.java:1137)
at org.testng.TestNG.runSuites(TestNG.java:1049)
at org.testng.TestNG.run(TestNG.java:1017)
at org.apache.maven.surefire.testng.TestNGExecutor.run(TestNGExecutor.java:77)
at org.apache.maven.surefire.testng.TestNGDirectoryTestSuite.executeMulti(TestNGDirectoryTestSuite.java:159)
at org.apache.maven.surefire.testng.TestNGDirectoryTestSuite.execute(TestNGDirectoryTestSuite.java:99)
at org.apache.maven.surefire.testng.TestNGProvider.invoke(TestNGProvider.java:106)
at sun.reflect.NativeMethodAccessorImpl.invoke0(Native Method)
at sun.reflect.NativeMethodAccessorImpl.invoke(NativeMethodAccessorImpl.java:62)
at sun.reflect.DelegatingMethodAccessorImpl.invoke(DelegatingMethodAccessorImpl.java:43)
at java.lang.reflect.Method.invoke(Method.java:498)
at org.apache.maven.surefire.util.ReflectionUtils.invokeMethodWithArray(ReflectionUtils.java:189)
at org.apache.maven.surefire.booter.ProviderFactory$ProviderProxy.invoke(ProviderFactory.java:165)
at org.apache.maven.surefire.booter.ProviderFactory.invokeProvider(ProviderFactory.java:85)
at org.apache.maven.surefire.booter.ForkedBooter.runSuitesInProcess(ForkedBooter.java:115)
at org.apache.maven.surefire.booter.ForkedBooter.main(ForkedBooter.java:75)
]]>
            </full-stacktrace>
          </exception> <!-- java.lang.AssertionError -->
          <reporter-output>
          </reporter-output>
        </test-method> <!-- ProductPageTitleTest -->
        <test-method status="PASS" signature="teardown()[pri:0, instance:com.mavendemo.test.ProductPageTest@3cda1055]" name="teardown" is-config="true" duration-ms="1942" started-at="2021-06-16T10:25:06Z" finished-at="2021-06-16T10:25:08Z">
          <reporter-output>
          </reporter-output>
        </test-method> <!-- teardown -->
        <test-method status="PASS" signature="setup()[pri:0, instance:com.mavendemo.test.ProductPageTest@3cda1055]" name="setup" is-config="true" duration-ms="16320" started-at="2021-06-16T10:25:36Z" finished-at="2021-06-16T10:25:53Z">
          <reporter-output>
          </reporter-output>
        </test-method> <!-- setup -->
        <test-method status="PASS" signature="ProductPageProductTest()[pri:2, instance:com.mavendemo.test.ProductPageTest@3cda1055]" name="ProductPageProductTest" duration-ms="1441" started-at="2021-06-16T10:25:53Z" finished-at="2021-06-16T10:25:54Z">
          <reporter-output>
          </reporter-output>
        </test-method> <!-- ProductPageProductTest -->
        <test-method status="PASS" signature="teardown()[pri:0, instance:com.mavendemo.test.ProductPageTest@3cda1055]" name="teardown" is-config="true" duration-ms="2491" started-at="2021-06-16T10:25:54Z" finished-at="2021-06-16T10:25:57Z">
          <reporter-output>
          </reporter-output>
        </test-method> <!-- teardown -->
        <test-method status="PASS" signature="setup()[pri:0, instance:com.mavendemo.test.ProductPageTest@3cda1055]" name="setup" is-config="true" duration-ms="17277" started-at="2021-06-16T10:26:25Z" finished-at="2021-06-16T10:26:42Z">
          <reporter-output>
          </reporter-output>
        </test-method> <!-- setup -->
        <test-method status="PASS" signature="Producttest()[pri:3, instance:com.mavendemo.test.ProductPageTest@3cda1055]" name="Producttest" duration-ms="3214" started-at="2021-06-16T10:26:42Z" finished-at="2021-06-16T10:26:46Z">
          <reporter-output>
          </reporter-output>
        </test-method> <!-- Producttest -->
        <test-method status="PASS" signature="teardown()[pri:0, instance:com.mavendemo.test.ProductPageTest@3cda1055]" name="teardown" is-config="true" duration-ms="3787" started-at="2021-06-16T10:26:46Z" finished-at="2021-06-16T10:26:49Z">
          <reporter-output>
          </reporter-output>
        </test-method> <!-- teardown -->
      </class> <!-- com.mavendemo.test.ProductPageTest -->
      <class name="com.mavendemo.test.HomePageTest">
        <test-method status="PASS" signature="setup()[pri:0, instance:com.mavendemo.test.HomePageTest@380fb434]" name="setup" is-config="true" duration-ms="20691" started-at="2021-06-16T10:24:01Z" finished-at="2021-06-16T10:24:21Z">
          <reporter-output>
          </reporter-output>
        </test-method> <!-- setup -->
        <test-method status="PASS" signature="homePageTitleTest()[pri:1, instance:com.mavendemo.test.HomePageTest@380fb434]" name="homePageTitleTest" duration-ms="83" started-at="2021-06-16T10:24:21Z" finished-at="2021-06-16T10:24:22Z">
          <reporter-output>
          </reporter-output>
        </test-method> <!-- homePageTitleTest -->
        <test-method status="PASS" signature="teardown()[pri:0, instance:com.mavendemo.test.HomePageTest@380fb434]" name="teardown" is-config="true" duration-ms="2712" started-at="2021-06-16T10:24:22Z" finished-at="2021-06-16T10:24:24Z">
          <reporter-output>
          </reporter-output>
        </test-method> <!-- teardown -->
        <test-method status="PASS" signature="setup()[pri:0, instance:com.mavendemo.test.HomePageTest@380fb434]" name="setup" is-config="true" duration-ms="8852" started-at="2021-06-16T10:25:08Z" finished-at="2021-06-16T10:25:17Z">
          <reporter-output>
          </reporter-output>
        </test-method> <!-- setup -->
        <test-method status="PASS" signature="hometest()[pri:2, instance:com.mavendemo.test.HomePageTest@380fb434]" name="hometest" duration-ms="2448" started-at="2021-06-16T10:25:17Z" finished-at="2021-06-16T10:25:20Z">
          <reporter-output>
          </reporter-output>
        </test-method> <!-- hometest -->
        <test-method status="PASS" signature="teardown()[pri:0, instance:com.mavendemo.test.HomePageTest@380fb434]" name="teardown" is-config="true" duration-ms="1905" started-at="2021-06-16T10:25:20Z" finished-at="2021-06-16T10:25:21Z">
          <reporter-output>
          </reporter-output>
        </test-method> <!-- teardown -->
        <test-method status="PASS" signature="setup()[pri:0, instance:com.mavendemo.test.HomePageTest@380fb434]" name="setup" is-config="true" duration-ms="22155" started-at="2021-06-16T10:25:57Z" finished-at="2021-06-16T10:26:19Z">
          <reporter-output>
          </reporter-output>
        </test-method> <!-- setup -->
        <test-method status="PASS" signature="homePageUserTest()[pri:3, instance:com.mavendemo.test.HomePageTest@380fb434]" name="homePageUserTest" duration-ms="2684" started-at="2021-06-16T10:26:19Z" finished-at="2021-06-16T10:26:21Z">
          <reporter-output>
          </reporter-output>
        </test-method> <!-- homePageUserTest -->
        <test-method status="PASS" signature="teardown()[pri:0, instance:com.mavendemo.test.HomePageTest@380fb434]" name="teardown" is-config="true" duration-ms="3689" started-at="2021-06-16T10:26:21Z" finished-at="2021-06-16T10:26:25Z">
          <reporter-output>
          </reporter-output>
        </test-method> <!-- teardown -->
      </class> <!-- com.mavendemo.test.HomePageTest -->
    </test> <!-- Command line test -->
  </suite> <!-- Command line suite -->
</testng-results>
